  [1m[35mSQL (0.1ms)[0m  [1m[35mSET search_path TO public /*application='Api'*/[0m
  [1m[35m (102.9ms)[0m  [1m[35mCREATE DATABASE "api_development" ENCODING = 'unicode' /*application='Api'*/[0m
  [1m[35mSQL (0.0ms)[0m  [1m[35mSET search_path TO public /*application='Api'*/[0m
  [1m[35m (52.6ms)[0m  [1m[35mCREATE DATABASE "api_test" ENCODING = 'unicode' /*application='Api'*/[0m
  [1m[35m (4.8ms)[0m  [1m[35mCREATE TABLE "schema_migrations" ("version" character varying NOT NULL PRIMARY KEY) /*application='Api'*/[0m
  [1m[35m (1.9ms)[0m  [1m[35mCREATE TABLE "ar_internal_metadata" ("key" character varying NOT NULL PRIMARY KEY, "value" character varying, "created_at" timestamp(6) NOT NULL, "updated_at" timestamp(6) NOT NULL) /*application='Api'*/[0m
  [1m[35m (0.1ms)[0m  [1m[34mSELECT pg_try_advisory_lock(5878493172211724820) /*application='Api'*/[0m
  [1m[36mActiveRecord::SchemaMigration Load (0.5ms)[0m  [1m[34mSELECT "schema_migrations"."version" FROM "schema_migrations" ORDER BY "schema_migrations"."version" ASC /*application='Api'*/[0m
  [1m[36mActiveRecord::InternalMetadata Load (0.9ms)[0m  [1m[34mSELECT * FROM "ar_internal_metadata" WHERE "ar_internal_metadata"."key" = 'environment' ORDER BY "ar_internal_metadata"."key" ASC LIMIT 1 /*application='Api'*/[0m
  [1m[36mActiveRecord::InternalMetadata Create (0.6ms)[0m  [1m[32mINSERT INTO "ar_internal_metadata" ("key", "value", "created_at", "updated_at") VALUES ('environment', 'development', '2026-02-05 10:41:14.533319', '2026-02-05 10:41:14.533320') RETURNING "key" /*application='Api'*/[0m
Migrating to CreateCompanies (20260205100000)
  [1m[36mTRANSACTION (0.1ms)[0m  [1m[35mBEGIN /*application='Api'*/[0m
  [1m[35m (4.9ms)[0m  [1m[35mCREATE TABLE "companies" ("id" bigserial primary key, "name" character varying NOT NULL, "address_line1" character varying, "address_line2" character varying, "city" character varying, "state" character varying, "zip" character varying, "phone" character varying, "email" character varying, "ein" character varying, "pay_frequency" character varying DEFAULT 'biweekly', "active" boolean DEFAULT TRUE, "created_at" timestamp(6) NOT NULL, "updated_at" timestamp(6) NOT NULL) /*application='Api'*/[0m
  [1m[35m (0.9ms)[0m  [1m[35mCREATE INDEX "index_companies_on_name" ON "companies" ("name") /*application='Api'*/[0m
  [1m[35m (1.1ms)[0m  [1m[35mCREATE UNIQUE INDEX "index_companies_on_ein" ON "companies" ("ein") /*application='Api'*/[0m
  [1m[36mActiveRecord::SchemaMigration Create (0.3ms)[0m  [1m[32mINSERT INTO "schema_migrations" ("version") VALUES ('20260205100000') RETURNING "version" /*application='Api'*/[0m
  [1m[36mTRANSACTION (0.5ms)[0m  [1m[35mCOMMIT /*application='Api'*/[0m
Migrating to CreateDepartments (20260205100001)
  [1m[36mTRANSACTION (0.2ms)[0m  [1m[35mBEGIN /*application='Api'*/[0m
  [1m[35m (4.6ms)[0m  [1m[35mCREATE TABLE "departments" ("id" bigserial primary key, "company_id" bigint NOT NULL, "name" character varying NOT NULL, "active" boolean DEFAULT TRUE, "created_at" timestamp(6) NOT NULL, "updated_at" timestamp(6) NOT NULL, CONSTRAINT "fk_rails_f911441942"
FOREIGN KEY ("company_id")
  REFERENCES "companies" ("id")
) /*application='Api'*/[0m
  [1m[35m (0.8ms)[0m  [1m[35mCREATE INDEX "index_departments_on_company_id" ON "departments" ("company_id") /*application='Api'*/[0m
  [1m[35m (1.0ms)[0m  [1m[35mCREATE UNIQUE INDEX "index_departments_on_company_id_and_name" ON "departments" ("company_id", "name") /*application='Api'*/[0m
  [1m[36mActiveRecord::SchemaMigration Create (0.2ms)[0m  [1m[32mINSERT INTO "schema_migrations" ("version") VALUES ('20260205100001') RETURNING "version" /*application='Api'*/[0m
  [1m[36mTRANSACTION (0.5ms)[0m  [1m[35mCOMMIT /*application='Api'*/[0m
Migrating to CreateEmployees (20260205100002)
  [1m[36mTRANSACTION (0.2ms)[0m  [1m[35mBEGIN /*application='Api'*/[0m
  [1m[35m (4.2ms)[0m  [1m[35mCREATE TABLE "employees" ("id" bigserial primary key, "company_id" bigint NOT NULL, "department_id" bigint, "first_name" character varying NOT NULL, "middle_name" character varying, "last_name" character varying NOT NULL, "ssn_encrypted" character varying, "date_of_birth" date, "hire_date" date, "termination_date" date, "employment_type" character varying DEFAULT 'hourly' NOT NULL, "pay_rate" decimal(10,2) NOT NULL, "pay_frequency" character varying DEFAULT 'biweekly', "status" character varying DEFAULT 'active', "filing_status" character varying DEFAULT 'single', "allowances" integer DEFAULT 0, "additional_withholding" decimal(10,2) DEFAULT 0.0, "retirement_rate" decimal(5,4) DEFAULT 0.0, "roth_retirement_rate" decimal(5,4) DEFAULT 0.0, "address_line1" character varying, "address_line2" character varying, "city" character varying, "state" character varying, "zip" character varying, "email" character varying, "phone" character varying, "bank_routing_number_encrypted" character varying, "bank_account_number_encrypted" character varying, "created_at" timestamp(6) NOT NULL, "updated_at" timestamp(6) NOT NULL, CONSTRAINT "fk_rails_15ca1438d5"
FOREIGN KEY ("company_id")
  REFERENCES "companies" ("id")
, CONSTRAINT "fk_rails_0025f65a97"
FOREIGN KEY ("department_id")
  REFERENCES "departments" ("id")
) /*application='Api'*/[0m
  [1m[35m (1.0ms)[0m  [1m[35mCREATE INDEX "index_employees_on_company_id" ON "employees" ("company_id") /*application='Api'*/[0m
  [1m[35m (0.8ms)[0m  [1m[35mCREATE INDEX "index_employees_on_department_id" ON "employees" ("department_id") /*application='Api'*/[0m
  [1m[35m (0.9ms)[0m  [1m[35mCREATE INDEX "index_employees_on_company_id_and_last_name_and_first_name" ON "employees" ("company_id", "last_name", "first_name") /*application='Api'*/[0m
  [1m[35m (0.8ms)[0m  [1m[35mCREATE INDEX "index_employees_on_status" ON "employees" ("status") /*application='Api'*/[0m
  [1m[35m (0.8ms)[0m  [1m[35mCREATE INDEX "index_employees_on_employment_type" ON "employees" ("employment_type") /*application='Api'*/[0m
  [1m[36mActiveRecord::SchemaMigration Create (0.1ms)[0m  [1m[32mINSERT INTO "schema_migrations" ("version") VALUES ('20260205100002') RETURNING "version" /*application='Api'*/[0m
  [1m[36mTRANSACTION (0.5ms)[0m  [1m[35mCOMMIT /*application='Api'*/[0m
Migrating to CreatePayPeriods (20260205100003)
  [1m[36mTRANSACTION (0.2ms)[0m  [1m[35mBEGIN /*application='Api'*/[0m
  [1m[35m (3.9ms)[0m  [1m[35mCREATE TABLE "pay_periods" ("id" bigserial primary key, "company_id" bigint NOT NULL, "start_date" date NOT NULL, "end_date" date NOT NULL, "pay_date" date NOT NULL, "status" character varying DEFAULT 'draft', "created_by_id" bigint, "approved_by_id" bigint, "committed_at" timestamp(6), "notes" text, "created_at" timestamp(6) NOT NULL, "updated_at" timestamp(6) NOT NULL, CONSTRAINT "fk_rails_8b01300aa6"
FOREIGN KEY ("company_id")
  REFERENCES "companies" ("id")
) /*application='Api'*/[0m
  [1m[35m (0.7ms)[0m  [1m[35mCREATE INDEX "index_pay_periods_on_company_id" ON "pay_periods" ("company_id") /*application='Api'*/[0m
  [1m[35m (0.8ms)[0m  [1m[35mCREATE INDEX "index_pay_periods_on_company_id_and_start_date" ON "pay_periods" ("company_id", "start_date") /*application='Api'*/[0m
  [1m[35m (1.0ms)[0m  [1m[35mCREATE INDEX "index_pay_periods_on_company_id_and_end_date" ON "pay_periods" ("company_id", "end_date") /*application='Api'*/[0m
  [1m[35m (1.1ms)[0m  [1m[35mCREATE INDEX "index_pay_periods_on_status" ON "pay_periods" ("status") /*application='Api'*/[0m
  [1m[35m (0.8ms)[0m  [1m[35mCREATE INDEX "index_pay_periods_on_company_id_and_status" ON "pay_periods" ("company_id", "status") /*application='Api'*/[0m
  [1m[36mActiveRecord::SchemaMigration Create (0.1ms)[0m  [1m[32mINSERT INTO "schema_migrations" ("version") VALUES ('20260205100003') RETURNING "version" /*application='Api'*/[0m
  [1m[36mTRANSACTION (0.4ms)[0m  [1m[35mCOMMIT /*application='Api'*/[0m
Migrating to CreatePayrollItems (20260205100004)
  [1m[36mTRANSACTION (0.2ms)[0m  [1m[35mBEGIN /*application='Api'*/[0m
  [1m[35m (6.6ms)[0m  [1m[35mCREATE TABLE "payroll_items" ("id" bigserial primary key, "pay_period_id" bigint NOT NULL, "employee_id" bigint NOT NULL, "employment_type" character varying NOT NULL, "pay_rate" decimal(10,2) NOT NULL, "hours_worked" decimal(8,2) DEFAULT 0.0, "overtime_hours" decimal(8,2) DEFAULT 0.0, "holiday_hours" decimal(8,2) DEFAULT 0.0, "pto_hours" decimal(8,2) DEFAULT 0.0, "reported_tips" decimal(10,2) DEFAULT 0.0, "bonus" decimal(10,2) DEFAULT 0.0, "gross_pay" decimal(12,2) DEFAULT 0.0, "net_pay" decimal(12,2) DEFAULT 0.0, "withholding_tax" decimal(10,2) DEFAULT 0.0, "social_security_tax" decimal(10,2) DEFAULT 0.0, "medicare_tax" decimal(10,2) DEFAULT 0.0, "additional_withholding" decimal(10,2) DEFAULT 0.0, "retirement_payment" decimal(10,2) DEFAULT 0.0, "roth_retirement_payment" decimal(10,2) DEFAULT 0.0, "loan_payment" decimal(10,2) DEFAULT 0.0, "insurance_payment" decimal(10,2) DEFAULT 0.0, "total_deductions" decimal(12,2) DEFAULT 0.0, "total_additions" decimal(12,2) DEFAULT 0.0, "ytd_gross" decimal(14,2) DEFAULT 0.0, "ytd_net" decimal(14,2) DEFAULT 0.0, "ytd_withholding_tax" decimal(14,2) DEFAULT 0.0, "ytd_social_security_tax" decimal(14,2) DEFAULT 0.0, "ytd_medicare_tax" decimal(14,2) DEFAULT 0.0, "ytd_retirement" decimal(14,2) DEFAULT 0.0, "ytd_roth_retirement" decimal(14,2) DEFAULT 0.0, "custom_columns_data" jsonb DEFAULT '{}', "check_number" character varying, "check_printed_at" timestamp(6), "created_at" timestamp(6) NOT NULL, "updated_at" timestamp(6) NOT NULL, CONSTRAINT "fk_rails_4dbc95184f"
FOREIGN KEY ("pay_period_id")
  REFERENCES "pay_periods" ("id")
, CONSTRAINT "fk_rails_d1c35c6a29"
FOREIGN KEY ("employee_id")
  REFERENCES "employees" ("id")
) /*application='Api'*/[0m
  [1m[35m (1.1ms)[0m  [1m[35mCREATE INDEX "index_payroll_items_on_pay_period_id" ON "payroll_items" ("pay_period_id") /*application='Api'*/[0m
  [1m[35m (0.8ms)[0m  [1m[35mCREATE INDEX "index_payroll_items_on_employee_id" ON "payroll_items" ("employee_id") /*application='Api'*/[0m
  [1m[35m (0.9ms)[0m  [1m[35mCREATE UNIQUE INDEX "index_payroll_items_on_pay_period_id_and_employee_id" ON "payroll_items" ("pay_period_id", "employee_id") /*application='Api'*/[0m
  [1m[35m (0.8ms)[0m  [1m[35mCREATE INDEX "index_payroll_items_on_check_number" ON "payroll_items" ("check_number") /*application='Api'*/[0m
  [1m[36mActiveRecord::SchemaMigration Create (0.1ms)[0m  [1m[32mINSERT INTO "schema_migrations" ("version") VALUES ('20260205100004') RETURNING "version" /*application='Api'*/[0m
  [1m[36mTRANSACTION (0.4ms)[0m  [1m[35mCOMMIT /*application='Api'*/[0m
Migrating to CreateTaxTables (20260205100005)
  [1m[36mTRANSACTION (0.2ms)[0m  [1m[35mBEGIN /*application='Api'*/[0m
  [1m[35m (4.3ms)[0m  [1m[35mCREATE TABLE "tax_tables" ("id" bigserial primary key, "tax_year" integer NOT NULL, "filing_status" character varying NOT NULL, "pay_frequency" character varying NOT NULL, "bracket_data" jsonb DEFAULT '[]' NOT NULL, "ss_rate" decimal(6,5) DEFAULT 0.062 NOT NULL, "ss_wage_base" decimal(12,2) NOT NULL, "medicare_rate" decimal(6,5) DEFAULT 0.0145 NOT NULL, "additional_medicare_rate" decimal(6,5) DEFAULT 0.009, "additional_medicare_threshold" decimal(12,2) DEFAULT 200000.0, "allowance_amount" decimal(10,2), "created_at" timestamp(6) NOT NULL, "updated_at" timestamp(6) NOT NULL) /*application='Api'*/[0m
  [1m[35m (1.0ms)[0m  [1m[35mCREATE UNIQUE INDEX "idx_tax_tables_year_status_frequency" ON "tax_tables" ("tax_year", "filing_status", "pay_frequency") /*application='Api'*/[0m
  [1m[36mActiveRecord::SchemaMigration Create (0.1ms)[0m  [1m[32mINSERT INTO "schema_migrations" ("version") VALUES ('20260205100005') RETURNING "version" /*application='Api'*/[0m
  [1m[36mTRANSACTION (0.2ms)[0m  [1m[35mCOMMIT /*application='Api'*/[0m
Migrating to CreateDeductionTypes (20260205100006)
  [1m[36mTRANSACTION (0.2ms)[0m  [1m[35mBEGIN /*application='Api'*/[0m
  [1m[35m (3.6ms)[0m  [1m[35mCREATE TABLE "deduction_types" ("id" bigserial primary key, "company_id" bigint NOT NULL, "name" character varying NOT NULL, "category" character varying NOT NULL, "default_amount" decimal(10,2), "is_percentage" boolean DEFAULT FALSE, "active" boolean DEFAULT TRUE, "created_at" timestamp(6) NOT NULL, "updated_at" timestamp(6) NOT NULL, CONSTRAINT "fk_rails_55bc6854cf"
FOREIGN KEY ("company_id")
  REFERENCES "companies" ("id")
) /*application='Api'*/[0m
  [1m[35m (1.0ms)[0m  [1m[35mCREATE INDEX "index_deduction_types_on_company_id" ON "deduction_types" ("company_id") /*application='Api'*/[0m
  [1m[35m (1.0ms)[0m  [1m[35mCREATE UNIQUE INDEX "index_deduction_types_on_company_id_and_name" ON "deduction_types" ("company_id", "name") /*application='Api'*/[0m
  [1m[35m (0.8ms)[0m  [1m[35mCREATE INDEX "index_deduction_types_on_category" ON "deduction_types" ("category") /*application='Api'*/[0m
  [1m[36mActiveRecord::SchemaMigration Create (0.2ms)[0m  [1m[32mINSERT INTO "schema_migrations" ("version") VALUES ('20260205100006') RETURNING "version" /*application='Api'*/[0m
  [1m[36mTRANSACTION (0.5ms)[0m  [1m[35mCOMMIT /*application='Api'*/[0m
Migrating to CreateEmployeeDeductions (20260205100007)
  [1m[36mTRANSACTION (0.2ms)[0m  [1m[35mBEGIN /*application='Api'*/[0m
  [1m[35m (2.9ms)[0m  [1m[35mCREATE TABLE "employee_deductions" ("id" bigserial primary key, "employee_id" bigint NOT NULL, "deduction_type_id" bigint NOT NULL, "amount" decimal(10,2) NOT NULL, "is_percentage" boolean DEFAULT FALSE, "active" boolean DEFAULT TRUE, "created_at" timestamp(6) NOT NULL, "updated_at" timestamp(6) NOT NULL, CONSTRAINT "fk_rails_217e01e0e3"
FOREIGN KEY ("employee_id")
  REFERENCES "employees" ("id")
, CONSTRAINT "fk_rails_c2cf9da6b4"
FOREIGN KEY ("deduction_type_id")
  REFERENCES "deduction_types" ("id")
) /*application='Api'*/[0m
  [1m[35m (1.0ms)[0m  [1m[35mCREATE INDEX "index_employee_deductions_on_employee_id" ON "employee_deductions" ("employee_id") /*application='Api'*/[0m
  [1m[35m (1.0ms)[0m  [1m[35mCREATE INDEX "index_employee_deductions_on_deduction_type_id" ON "employee_deductions" ("deduction_type_id") /*application='Api'*/[0m
  [1m[35m (0.9ms)[0m  [1m[35mCREATE UNIQUE INDEX "idx_employee_deductions_unique" ON "employee_deductions" ("employee_id", "deduction_type_id") /*application='Api'*/[0m
  [1m[36mActiveRecord::SchemaMigration Create (0.1ms)[0m  [1m[32mINSERT INTO "schema_migrations" ("version") VALUES ('20260205100007') RETURNING "version" /*application='Api'*/[0m
  [1m[36mTRANSACTION (0.5ms)[0m  [1m[35mCOMMIT /*application='Api'*/[0m
Migrating to CreateEmployeeYtdTotals (20260205100008)
  [1m[36mTRANSACTION (0.2ms)[0m  [1m[35mBEGIN /*application='Api'*/[0m
  [1m[35m (3.6ms)[0m  [1m[35mCREATE TABLE "employee_ytd_totals" ("id" bigserial primary key, "employee_id" bigint NOT NULL, "year" integer NOT NULL, "gross_pay" decimal(14,2) DEFAULT 0.0, "net_pay" decimal(14,2) DEFAULT 0.0, "withholding_tax" decimal(14,2) DEFAULT 0.0, "social_security_tax" decimal(14,2) DEFAULT 0.0, "medicare_tax" decimal(14,2) DEFAULT 0.0, "retirement" decimal(14,2) DEFAULT 0.0, "roth_retirement" decimal(14,2) DEFAULT 0.0, "insurance" decimal(14,2) DEFAULT 0.0, "loans" decimal(14,2) DEFAULT 0.0, "tips" decimal(14,2) DEFAULT 0.0, "bonus" decimal(14,2) DEFAULT 0.0, "overtime_pay" decimal(14,2) DEFAULT 0.0, "created_at" timestamp(6) NOT NULL, "updated_at" timestamp(6) NOT NULL, CONSTRAINT "fk_rails_6fe04d3398"
FOREIGN KEY ("employee_id")
  REFERENCES "employees" ("id")
) /*application='Api'*/[0m
  [1m[35m (1.0ms)[0m  [1m[35mCREATE INDEX "index_employee_ytd_totals_on_employee_id" ON "employee_ytd_totals" ("employee_id") /*application='Api'*/[0m
  [1m[35m (0.9ms)[0m  [1m[35mCREATE UNIQUE INDEX "index_employee_ytd_totals_on_employee_id_and_year" ON "employee_ytd_totals" ("employee_id", "year") /*application='Api'*/[0m
  [1m[36mActiveRecord::SchemaMigration Create (0.1ms)[0m  [1m[32mINSERT INTO "schema_migrations" ("version") VALUES ('20260205100008') RETURNING "version" /*application='Api'*/[0m
  [1m[36mTRANSACTION (0.2ms)[0m  [1m[35mCOMMIT /*application='Api'*/[0m
Migrating to CreateCompanyYtdTotals (20260205100009)
  [1m[36mTRANSACTION (0.2ms)[0m  [1m[35mBEGIN /*application='Api'*/[0m
  [1m[35m (3.6ms)[0m  [1m[35mCREATE TABLE "company_ytd_totals" ("id" bigserial primary key, "company_id" bigint NOT NULL, "year" integer NOT NULL, "gross_pay" decimal(16,2) DEFAULT 0.0, "net_pay" decimal(16,2) DEFAULT 0.0, "withholding_tax" decimal(16,2) DEFAULT 0.0, "social_security_tax" decimal(16,2) DEFAULT 0.0, "medicare_tax" decimal(16,2) DEFAULT 0.0, "employer_social_security" decimal(16,2) DEFAULT 0.0, "employer_medicare" decimal(16,2) DEFAULT 0.0, "total_employees" integer DEFAULT 0, "active_employees" integer DEFAULT 0, "created_at" timestamp(6) NOT NULL, "updated_at" timestamp(6) NOT NULL, CONSTRAINT "fk_rails_6f1bd50016"
FOREIGN KEY ("company_id")
  REFERENCES "companies" ("id")
) /*application='Api'*/[0m
  [1m[35m (0.8ms)[0m  [1m[35mCREATE INDEX "index_company_ytd_totals_on_company_id" ON "company_ytd_totals" ("company_id") /*application='Api'*/[0m
  [1m[35m (0.9ms)[0m  [1m[35mCREATE UNIQUE INDEX "index_company_ytd_totals_on_company_id_and_year" ON "company_ytd_totals" ("company_id", "year") /*application='Api'*/[0m
  [1m[36mActiveRecord::SchemaMigration Create (0.1ms)[0m  [1m[32mINSERT INTO "schema_migrations" ("version") VALUES ('20260205100009') RETURNING "version" /*application='Api'*/[0m
  [1m[36mTRANSACTION (0.7ms)[0m  [1m[35mCOMMIT /*application='Api'*/[0m
Migrating to CreateDepartmentYtdTotals (20260205100010)
  [1m[36mTRANSACTION (0.2ms)[0m  [1m[35mBEGIN /*application='Api'*/[0m
  [1m[35m (3.3ms)[0m  [1m[35mCREATE TABLE "department_ytd_totals" ("id" bigserial primary key, "department_id" bigint NOT NULL, "year" integer NOT NULL, "gross_pay" decimal(16,2) DEFAULT 0.0, "net_pay" decimal(16,2) DEFAULT 0.0, "withholding_tax" decimal(16,2) DEFAULT 0.0, "social_security_tax" decimal(16,2) DEFAULT 0.0, "medicare_tax" decimal(16,2) DEFAULT 0.0, "total_employees" integer DEFAULT 0, "created_at" timestamp(6) NOT NULL, "updated_at" timestamp(6) NOT NULL, CONSTRAINT "fk_rails_24ea162660"
FOREIGN KEY ("department_id")
  REFERENCES "departments" ("id")
) /*application='Api'*/[0m
  [1m[35m (0.8ms)[0m  [1m[35mCREATE INDEX "index_department_ytd_totals_on_department_id" ON "department_ytd_totals" ("department_id") /*application='Api'*/[0m
  [1m[35m (1.0ms)[0m  [1m[35mCREATE UNIQUE INDEX "index_department_ytd_totals_on_department_id_and_year" ON "department_ytd_totals" ("department_id", "year") /*application='Api'*/[0m
  [1m[36mActiveRecord::SchemaMigration Create (0.1ms)[0m  [1m[32mINSERT INTO "schema_migrations" ("version") VALUES ('20260205100010') RETURNING "version" /*application='Api'*/[0m
  [1m[36mTRANSACTION (0.5ms)[0m  [1m[35mCOMMIT /*application='Api'*/[0m
  [1m[35m (0.3ms)[0m  [1m[34mSELECT pg_advisory_unlock(5878493172211724820) /*application='Api'*/[0m
  [1m[36mActiveRecord::SchemaMigration Load (0.2ms)[0m  [1m[34mSELECT "schema_migrations"."version" FROM "schema_migrations" ORDER BY "schema_migrations"."version" ASC /*application='Api'*/[0m
  [1m[35mSQL (0.1ms)[0m  [1m[35mSET search_path TO public /*application='Api'*/[0m
  [1m[35mSQL (0.1ms)[0m  [1m[35mSET search_path TO "$user", public /*application='Api'*/[0m
  [1m[35mSQL (0.1ms)[0m  [1m[35mSET search_path TO public /*application='Api'*/[0m
  [1m[35mSQL (0.1ms)[0m  [1m[35mSET search_path TO "$user", public /*application='Api'*/[0m
  [1m[36mActiveRecord::SchemaMigration Load (0.6ms)[0m  [1m[34mSELECT "schema_migrations"."version" FROM "schema_migrations" ORDER BY "schema_migrations"."version" ASC /*application='Api'*/[0m
  [1m[36mTaxTable Load (0.9ms)[0m  [1m[34mSELECT "tax_tables".* FROM "tax_tables" WHERE "tax_tables"."tax_year" = 2024 AND "tax_tables"."filing_status" = 'single' AND "tax_tables"."pay_frequency" = 'biweekly' LIMIT 1 /*application='Api'*/[0m
  [1m[36mTRANSACTION (0.1ms)[0m  [1m[35mBEGIN /*application='Api'*/[0m
  [1m[36mTaxTable Exists? (0.2ms)[0m  [1m[34mSELECT 1 AS one FROM "tax_tables" WHERE "tax_tables"."tax_year" = 2024 AND "tax_tables"."filing_status" = 'single' AND "tax_tables"."pay_frequency" = 'biweekly' LIMIT 1 /*application='Api'*/[0m
  [1m[36mTaxTable Create (0.9ms)[0m  [1m[32mINSERT INTO "tax_tables" ("tax_year", "filing_status", "pay_frequency", "bracket_data", "ss_rate", "ss_wage_base", "medicare_rate", "additional_medicare_rate", "additional_medicare_threshold", "allowance_amount", "created_at", "updated_at") VALUES (2024, 'single', 'biweekly', '[{"min_income":0,"max_income":561.99,"base_tax":0.0,"rate":0.0,"threshold":0},{"min_income":562,"max_income":1007.99,"base_tax":0.0,"rate":0.1,"threshold":562},{"min_income":1008,"max_income":2374.99,"base_tax":44.6,"rate":0.12,"threshold":1008},{"min_income":2375,"max_income":4427.99,"base_tax":208.64,"rate":0.22,"threshold":2375},{"min_income":4428,"max_income":7943.99,"base_tax":660.3,"rate":0.24,"threshold":4428},{"min_income":7944,"max_income":9935.99,"base_tax":1504.14,"rate":0.32,"threshold":7944},{"min_income":9936,"max_income":23997.99,"base_tax":2141.58,"rate":0.35,"threshold":9936},{"min_income":23998,"max_income":null,"base_tax":7063.28,"rate":0.37,"threshold":23998}]', 0.062, 168600.0, 0.0145, 0.009, 200000.0, 192.31, '2026-02-05 10:44:07.537245', '2026-02-05 10:44:07.537245') RETURNING "id" /*application='Api'*/[0m
  [1m[36mTRANSACTION (0.3ms)[0m  [1m[35mCOMMIT /*application='Api'*/[0m
  [1m[36mTaxTable Load (0.2ms)[0m  [1m[34mSELECT "tax_tables".* FROM "tax_tables" WHERE "tax_tables"."tax_year" = 2024 AND "tax_tables"."filing_status" = 'married' AND "tax_tables"."pay_frequency" = 'biweekly' LIMIT 1 /*application='Api'*/[0m
  [1m[36mTRANSACTION (0.0ms)[0m  [1m[35mBEGIN /*application='Api'*/[0m
  [1m[36mTaxTable Exists? (0.7ms)[0m  [1m[34mSELECT 1 AS one FROM "tax_tables" WHERE "tax_tables"."tax_year" = 2024 AND "tax_tables"."filing_status" = 'married' AND "tax_tables"."pay_frequency" = 'biweekly' LIMIT 1 /*application='Api'*/[0m
  [1m[36mTaxTable Create (0.2ms)[0m  [1m[32mINSERT INTO "tax_tables" ("tax_year", "filing_status", "pay_frequency", "bracket_data", "ss_rate", "ss_wage_base", "medicare_rate", "additional_medicare_rate", "additional_medicare_threshold", "allowance_amount", "created_at", "updated_at") VALUES (2024, 'married', 'biweekly', '[{"min_income":0,"max_income":1122.99,"base_tax":0.0,"rate":0.0,"threshold":0},{"min_income":1123,"max_income":2014.99,"base_tax":0.0,"rate":0.1,"threshold":1123},{"min_income":2015,"max_income":4749.99,"base_tax":89.2,"rate":0.12,"threshold":2015},{"min_income":4750,"max_income":8855.99,"base_tax":417.4,"rate":0.22,"threshold":4750},{"min_income":8856,"max_income":15887.99,"base_tax":1320.72,"rate":0.24,"threshold":8856},{"min_income":15888,"max_income":19870.99,"base_tax":3008.4,"rate":0.32,"threshold":15888},{"min_income":19871,"max_income":29245.99,"base_tax":4282.96,"rate":0.35,"threshold":19871},{"min_income":29246,"max_income":null,"base_tax":7564.21,"rate":0.37,"threshold":29246}]', 0.062, 168600.0, 0.0145, 0.009, 200000.0, 192.31, '2026-02-05 10:44:07.541158', '2026-02-05 10:44:07.541158') RETURNING "id" /*application='Api'*/[0m
  [1m[36mTRANSACTION (0.2ms)[0m  [1m[35mCOMMIT /*application='Api'*/[0m
  [1m[36mTaxTable Load (0.2ms)[0m  [1m[34mSELECT "tax_tables".* FROM "tax_tables" WHERE "tax_tables"."tax_year" = 2024 AND "tax_tables"."filing_status" = 'head_of_household' AND "tax_tables"."pay_frequency" = 'biweekly' LIMIT 1 /*application='Api'*/[0m
  [1m[36mTRANSACTION (0.1ms)[0m  [1m[35mBEGIN /*application='Api'*/[0m
  [1m[36mTaxTable Exists? (3.0ms)[0m  [1m[34mSELECT 1 AS one FROM "tax_tables" WHERE "tax_tables"."tax_year" = 2024 AND "tax_tables"."filing_status" = 'head_of_household' AND "tax_tables"."pay_frequency" = 'biweekly' LIMIT 1 /*application='Api'*/[0m
  [1m[36mTaxTable Create (0.2ms)[0m  [1m[32mINSERT INTO "tax_tables" ("tax_year", "filing_status", "pay_frequency", "bracket_data", "ss_rate", "ss_wage_base", "medicare_rate", "additional_medicare_rate", "additional_medicare_threshold", "allowance_amount", "created_at", "updated_at") VALUES (2024, 'head_of_household', 'biweekly', '[{"min_income":0,"max_income":841.99,"base_tax":0.0,"rate":0.0,"threshold":0},{"min_income":842,"max_income":1478.99,"base_tax":0.0,"rate":0.1,"threshold":842},{"min_income":1479,"max_income":3268.99,"base_tax":63.7,"rate":0.12,"threshold":1479},{"min_income":3269,"max_income":4707.99,"base_tax":278.5,"rate":0.22,"threshold":3269},{"min_income":4708,"max_income":8224.99,"base_tax":595.08,"rate":0.24,"threshold":4708},{"min_income":8225,"max_income":10214.99,"base_tax":1439.16,"rate":0.32,"threshold":8225},{"min_income":10215,"max_income":24278.99,"base_tax":2075.96,"rate":0.35,"threshold":10215},{"min_income":24279,"max_income":null,"base_tax":6998.36,"rate":0.37,"threshold":24279}]', 0.062, 168600.0, 0.0145, 0.009, 200000.0, 192.31, '2026-02-05 10:44:07.552836', '2026-02-05 10:44:07.552836') RETURNING "id" /*application='Api'*/[0m
  [1m[36mTRANSACTION (0.2ms)[0m  [1m[35mCOMMIT /*application='Api'*/[0m
  [1m[36mTaxTable Count (0.2ms)[0m  [1m[34mSELECT COUNT(*) FROM "tax_tables" /*application='Api'*/[0m
  [1m[36mCompany Load (0.8ms)[0m  [1m[34mSELECT "companies".* FROM "companies" WHERE "companies"."name" = 'Cornerstone Tax Services' LIMIT 1 /*application='Api'*/[0m
  [1m[36mTRANSACTION (0.1ms)[0m  [1m[35mBEGIN /*application='Api'*/[0m
  [1m[36mCompany Create (0.5ms)[0m  [1m[32mINSERT INTO "companies" ("name", "address_line1", "address_line2", "city", "state", "zip", "phone", "email", "ein", "pay_frequency", "active", "created_at", "updated_at") VALUES ('Cornerstone Tax Services', '123 Tax Street', NULL, 'Hagåtña', 'GU', '96910', '(671) 555-0100', 'payroll@cornerstone-tax.com', NULL, 'biweekly', TRUE, '2026-02-05 10:44:07.566742', '2026-02-05 10:44:07.566742') RETURNING "id" /*application='Api'*/[0m
  [1m[36mTRANSACTION (0.2ms)[0m  [1m[35mCOMMIT /*application='Api'*/[0m
  [1m[36mDepartment Load (0.9ms)[0m  [1m[34mSELECT "departments".* FROM "departments" WHERE "departments"."company_id" = 1 AND "departments"."name" = 'Administration' LIMIT 1 /*application='Api'*/[0m
  [1m[36mTRANSACTION (0.1ms)[0m  [1m[35mBEGIN /*application='Api'*/[0m
  [1m[36mDepartment Exists? (0.3ms)[0m  [1m[34mSELECT 1 AS one FROM "departments" WHERE "departments"."name" = 'Administration' AND "departments"."company_id" = 1 LIMIT 1 /*application='Api'*/[0m
  [1m[36mDepartment Create (0.9ms)[0m  [1m[32mINSERT INTO "departments" ("company_id", "name", "active", "created_at", "updated_at") VALUES (1, 'Administration', TRUE, '2026-02-05 10:44:07.578535', '2026-02-05 10:44:07.578535') RETURNING "id" /*application='Api'*/[0m
  [1m[36mTRANSACTION (0.2ms)[0m  [1m[35mCOMMIT /*application='Api'*/[0m
  [1m[36mEmployee Load (1.3ms)[0m  [1m[34mSELECT "employees".* FROM "employees" WHERE "employees"."company_id" = 1 AND "employees"."first_name" = 'Fredly' AND "employees"."last_name" = 'Fred' LIMIT 1 /*application='Api'*/[0m
  [1m[36mTRANSACTION (0.1ms)[0m  [1m[35mBEGIN /*application='Api'*/[0m
  [1m[36mEmployee Create (1.0ms)[0m  [1m[32mINSERT INTO "employees" ("company_id", "department_id", "first_name", "middle_name", "last_name", "ssn_encrypted", "date_of_birth", "hire_date", "termination_date", "employment_type", "pay_rate", "pay_frequency", "status", "filing_status", "allowances", "additional_withholding", "retirement_rate", "roth_retirement_rate", "address_line1", "address_line2", "city", "state", "zip", "email", "phone", "bank_routing_number_encrypted", "bank_account_number_encrypted", "created_at", "updated_at") VALUES (1, 1, 'Fredly', NULL, 'Fred', NULL, NULL, '2024-01-01', NULL, 'hourly', 9.25, 'biweekly', 'active', 'single', 0, 0.0, 0.0, 0.0, NULL, NULL, NULL, NULL, NULL, NULL, NULL, NULL, NULL, '2026-02-05 10:44:07.591395', '2026-02-05 10:44:07.591395') RETURNING "id" /*application='Api'*/[0m
  [1m[36mTRANSACTION (0.2ms)[0m  [1m[35mCOMMIT /*application='Api'*/[0m
  [1m[36mEmployee Count (0.2ms)[0m  [1m[34mSELECT COUNT(*) FROM "employees" WHERE "employees"."company_id" = 1 /*application='Api'*/[0m
